mode: set
nginx-operator/controllers/deployment.go:15.156,17.86 1 0
nginx-operator/controllers/deployment.go:17.86,19.3 1 0
nginx-operator/controllers/deployment.go:21.2,21.64 1 0
nginx-operator/controllers/deployment.go:21.64,23.3 1 0
nginx-operator/controllers/deployment.go:25.2,26.12 2 0
nginx-operator/controllers/deployment.go:29.178,36.16 3 0
nginx-operator/controllers/deployment.go:36.16,37.29 1 0
nginx-operator/controllers/deployment.go:37.29,39.18 2 0
nginx-operator/controllers/deployment.go:39.18,42.5 1 0
nginx-operator/controllers/deployment.go:44.4,44.35 1 0
nginx-operator/controllers/deployment.go:45.9,48.4 1 0
nginx-operator/controllers/deployment.go:51.2,51.33 1 0
nginx-operator/controllers/deployment.go:54.111,89.2 4 0
nginx-operator/controllers/nginx_controller.go:53.106,58.72 3 0
nginx-operator/controllers/nginx_controller.go:58.72,61.3 2 0
nginx-operator/controllers/nginx_controller.go:63.2,64.16 2 0
nginx-operator/controllers/nginx_controller.go:64.16,67.3 2 0
nginx-operator/controllers/nginx_controller.go:68.2,69.16 2 0
nginx-operator/controllers/nginx_controller.go:69.16,71.3 1 0
nginx-operator/controllers/nginx_controller.go:73.2,74.16 2 0
nginx-operator/controllers/nginx_controller.go:74.16,77.3 2 0
nginx-operator/controllers/nginx_controller.go:78.2,79.16 2 0
nginx-operator/controllers/nginx_controller.go:79.16,81.3 1 0
nginx-operator/controllers/nginx_controller.go:83.2,83.27 1 0
nginx-operator/controllers/nginx_controller.go:87.77,91.2 1 0
nginx-operator/controllers/nginx_controller.go:93.76,98.2 1 0
nginx-operator/controllers/service.go:15.147,17.2 1 0
nginx-operator/controllers/service.go:19.166,26.16 3 0
nginx-operator/controllers/service.go:26.16,27.29 1 0
nginx-operator/controllers/service.go:27.29,29.18 2 0
nginx-operator/controllers/service.go:29.18,32.5 1 0
nginx-operator/controllers/service.go:34.4,34.32 1 0
nginx-operator/controllers/service.go:35.9,38.4 1 0
nginx-operator/controllers/service.go:41.2,41.30 1 0
nginx-operator/controllers/service.go:44.105,64.2 4 0
